sync 1 1 MB SZ_MB 2 UL_S_R 1 2 DL_S_R 2 1 RM_S_R 2 1
sync 10 1 MB SZ_MB 11 UL_S_R 2 5.5 DL_S_R 2 5.5 RM_S_R 1 11
sync 100 1 MB SZ_MB 101 UL_S_R 3 33.6667 DL_S_R 3 33.6667 RM_S_R 2 50.5
sync 1000 1 MB SZ_MB 1004 UL_S_R 14 71.7143 DL_S_R 8 125.5 RM_S_R 4 251
sync 1 10 MB SZ_MB 11 UL_S_R 2 5.5 DL_S_R 1 11 RM_S_R 2 5.5
sync 10 10 MB SZ_MB 101 UL_S_R 3 33.6667 DL_S_R 2 50.5 RM_S_R 1 101
sync 100 10 MB SZ_MB 1001 UL_S_R 8 125.125 DL_S_R 5 200.2 RM_S_R 2 500.5
sync 1000 10 MB SZ_MB 10003 UL_S_R 63 158.778 DL_S_R 85 117.682 RM_S_R 8 1250.38
sync 1 100 MB SZ_MB 101 UL_S_R 3 33.6667 DL_S_R 2 50.5 RM_S_R 1 101
sync 10 100 MB SZ_MB 1001 UL_S_R 7 143 DL_S_R 5 200.2 RM_S_R 2 500.5
sync 100 100 MB SZ_MB 10001 UL_S_R 55 181.836 DL_S_R 71 140.859 RM_S_R 2 5000.5
sync 1 1000 MB SZ_MB 1001 UL_S_R 7 143 DL_S_R 5 200.2 RM_S_R 1 1001
sync 10 1000 MB SZ_MB 10001 UL_S_R 49 204.102 DL_S_R 67 149.269 RM_S_R 6 1666.83
pacp 1 1 MB SZ_MB 2 UL_S_R 1 2 DL_S_R 2 1 RM_S_R 2 1
pacp 10 1 MB SZ_MB 11 UL_S_R 2 5.5 DL_S_R 3 3.66667 RM_S_R 2 5.5
pacp 100 1 MB SZ_MB 101 UL_S_R 18 5.61111 DL_S_R 19 5.31579 RM_S_R 2 50.5
pacp 1 10 MB SZ_MB 11 UL_S_R 2 5.5 DL_S_R 2 5.5 RM_S_R 2 5.5
pacp 10 10 MB SZ_MB 101 UL_S_R 3 33.6667 DL_S_R 3 33.6667 RM_S_R 2 50.5
pacp 100 10 MB SZ_MB 1001 UL_S_R 20 50.05 DL_S_R 21 47.6667 RM_S_R 2 500.5
pacp 1 100 MB SZ_MB 101 UL_S_R 2 50.5 DL_S_R 2 50.5 RM_S_R 2 50.5
pacp 10 100 MB SZ_MB 1001 UL_S_R 7 143 DL_S_R 4 250.25 RM_S_R 2 500.5
pacp 100 100 MB SZ_MB 10001 UL_S_R 37 270.297 DL_S_R 77 129.883 RM_S_R 11 909.182
pacp 1 1000 MB SZ_MB 1001 UL_S_R 7 143 DL_S_R 5 200.2 RM_S_R 2 500.5
pacp 10 1000 MB SZ_MB 10001 UL_S_R 19 526.368 DL_S_R 82 121.963 RM_S_R 1 10001
