sync 1 1 MB SZ_MB 2 UL_S_R 2 1 DL_S_R 2 1 RM_S_R 2 1
sync 10 1 MB SZ_MB 11 UL_S_R 2 5.5 DL_S_R 2 5.5 RM_S_R 2 5.5
sync 100 1 MB SZ_MB 101 UL_S_R 4 25.25 DL_S_R 2 50.5 RM_S_R 3 33.6667
sync 1000 1 MB SZ_MB 1004 UL_S_R 20 50.2 DL_S_R 15 66.9333 RM_S_R 8 125.5
sync 1 10 MB SZ_MB 11 UL_S_R 3 3.66667 DL_S_R 2 5.5 RM_S_R 2 5.5
sync 10 10 MB SZ_MB 101 UL_S_R 3 33.6667 DL_S_R 3 33.6667 RM_S_R 2 50.5
sync 100 10 MB SZ_MB 1001 UL_S_R 11 91 DL_S_R 8 125.125 RM_S_R 2 500.5
sync 1000 10 MB SZ_MB 10003 UL_S_R 90 111.144 DL_S_R 84 119.083 RM_S_R 11 909.364
sync 1 100 MB SZ_MB 101 UL_S_R 4 25.25 DL_S_R 2 50.5 RM_S_R 2 50.5
sync 10 100 MB SZ_MB 1001 UL_S_R 7 143 DL_S_R 8 125.125 RM_S_R 2 500.5
sync 100 100 MB SZ_MB 10001 UL_S_R 50 200.02 DL_S_R 91 109.901 RM_S_R 4 2500.25
sync 1 1000 MB SZ_MB 1001 UL_S_R 7 143 DL_S_R 8 125.125 RM_S_R 2 500.5
sync 10 1000 MB SZ_MB 10001 UL_S_R 44 227.295 DL_S_R 90 111.122 RM_S_R 4 2500.25
pacp 1 1 MB SZ_MB 2 UL_S_R 2 1 DL_S_R 2 1 RM_S_R 2 1
pacp 10 1 MB SZ_MB 11 UL_S_R 5 2.2 DL_S_R 5 2.2 RM_S_R 2 5.5
pacp 100 1 MB SZ_MB 101 UL_S_R 39 2.58974 DL_S_R 39 2.58974 RM_S_R 3 33.6667
pacp 1000 1 MB SZ_MB 1004 UL_S_R 375 2.67733 DL_S_R 384 2.61458 RM_S_R 8 125.5
pacp 1 10 MB SZ_MB 11 UL_S_R 3 3.66667 DL_S_R 2 5.5 RM_S_R 2 5.5
pacp 10 10 MB SZ_MB 101 UL_S_R 5 20.2 DL_S_R 6 16.8333 RM_S_R 2 50.5
pacp 100 10 MB SZ_MB 1001 UL_S_R 42 23.8333 DL_S_R 42 23.8333 RM_S_R 3 333.667
