sync 1 1 MB SZ_MB 2 UL_S_R 15 0.133333 DL_S_R 9 0.222222 RM_S_R 9 0.222222
sync 10 1 MB SZ_MB 11 UL_S_R 9 1.22222 DL_S_R 9 1.22222 RM_S_R 9 1.22222
sync 100 1 MB SZ_MB 101 UL_S_R 12 8.41667 DL_S_R 10 10.1 RM_S_R 9 11.2222
sync 1000 1 MB SZ_MB 1004 UL_S_R 44 22.8182 DL_S_R 19 52.8421 RM_S_R 14 71.7143
sync 1 10 MB SZ_MB 11 UL_S_R 11 1 DL_S_R 9 1.22222 RM_S_R 9 1.22222
sync 10 10 MB SZ_MB 101 UL_S_R 12 8.41667 DL_S_R 11 9.18182 RM_S_R 9 11.2222
sync 100 10 MB SZ_MB 1001 UL_S_R 44 22.75 DL_S_R 14 71.5 RM_S_R 10 100.1
sync 1000 10 MB SZ_MB 10003 UL_S_R 348 28.7443 DL_S_R 73 137.027 RM_S_R 15 666.867
sync 1 100 MB SZ_MB 101 UL_S_R 12 8.41667 DL_S_R 10 10.1 RM_S_R 8 12.625
sync 10 100 MB SZ_MB 1001 UL_S_R 31 32.2903 DL_S_R 14 71.5 RM_S_R 8 125.125
sync 100 100 MB SZ_MB 10001 UL_S_R 226 44.2522 DL_S_R 66 151.53 RM_S_R 9 1111.22
sync 1 1000 MB SZ_MB 1001 UL_S_R 30 33.3667 DL_S_R 15 66.7333 RM_S_R 9 111.222
sync 10 1000 MB SZ_MB 10001 UL_S_R 218 45.8761 DL_S_R 72 138.903 RM_S_R 9 1111.22
pacp 1 1 MB SZ_MB 2 UL_S_R 9 0.222222 DL_S_R 8 0.25 RM_S_R 9 0.222222
pacp 10 1 MB SZ_MB 11 UL_S_R 9 1.22222 DL_S_R 9 1.22222 RM_S_R 9 1.22222
pacp 100 1 MB SZ_MB 101 UL_S_R 15 6.73333 DL_S_R 14 7.21429 RM_S_R 9 11.2222
pacp 1 10 MB SZ_MB 11 UL_S_R 11 1 DL_S_R 9 1.22222 RM_S_R 9 1.22222
pacp 10 10 MB SZ_MB 101 UL_S_R 10 10.1 DL_S_R 9 11.2222 RM_S_R 9 11.2222
pacp 100 10 MB SZ_MB 1001 UL_S_R 20 50.05 DL_S_R 19 52.6842 RM_S_R 10 100.1
pacp 1 100 MB SZ_MB 101 UL_S_R 12 8.41667 DL_S_R 10 10.1 RM_S_R 8 12.625
pacp 10 100 MB SZ_MB 1001 UL_S_R 17 58.8824 DL_S_R 28 35.75 RM_S_R 9 111.222
