sync 1 1 MB SZ_MB 2 UL_S_R 11 0.181818 DL_S_R 8 0.25 RM_S_R 9 0.222222
sync 10 1 MB SZ_MB 11 UL_S_R 10 1.1 DL_S_R 10 1.1 RM_S_R 8 1.375
sync 100 1 MB SZ_MB 101 UL_S_R 11 9.18182 DL_S_R 10 10.1 RM_S_R 9 11.2222
sync 1000 1 MB SZ_MB 1004 UL_S_R 35 28.6857 DL_S_R 19 52.8421 RM_S_R 14 71.7143
sync 1 10 MB SZ_MB 11 UL_S_R 9 1.22222 DL_S_R 10 1.1 RM_S_R 9 1.22222
sync 10 10 MB SZ_MB 101 UL_S_R 14 7.21429 DL_S_R 10 10.1 RM_S_R 9 11.2222
sync 100 10 MB SZ_MB 1001 UL_S_R 36 27.8056 DL_S_R 13 77 RM_S_R 10 100.1
sync 1000 10 MB SZ_MB 10003 UL_S_R 225 44.4578 DL_S_R 65 153.892 RM_S_R 15 666.867
sync 1 100 MB SZ_MB 101 UL_S_R 13 7.76923 DL_S_R 12 8.41667 RM_S_R 9 11.2222
sync 10 100 MB SZ_MB 1001 UL_S_R 26 38.5 DL_S_R 15 66.7333 RM_S_R 9 111.222
sync 100 100 MB SZ_MB 10001 UL_S_R 163 61.3558 DL_S_R 62 161.306 RM_S_R 9 1111.22
sync 1 1000 MB SZ_MB 1001 UL_S_R 29 34.5172 DL_S_R 14 71.5 RM_S_R 8 125.125
sync 10 1000 MB SZ_MB 10001 UL_S_R 149 67.1208 DL_S_R 57 175.456 RM_S_R 9 1111.22
pacp 1 1 MB SZ_MB 2 UL_S_R 9 0.222222 DL_S_R 9 0.222222 RM_S_R 9 0.222222
pacp 10 1 MB SZ_MB 11 UL_S_R 9 1.22222 DL_S_R 9 1.22222 RM_S_R 9 1.22222
pacp 100 1 MB SZ_MB 101 UL_S_R 16 6.3125 DL_S_R 16 6.3125 RM_S_R 9 11.2222
pacp 1 10 MB SZ_MB 11 UL_S_R 10 1.1 DL_S_R 9 1.22222 RM_S_R 9 1.22222
pacp 10 10 MB SZ_MB 101 UL_S_R 14 7.21429 DL_S_R 12 8.41667 RM_S_R 9 11.2222
pacp 100 10 MB SZ_MB 1001 UL_S_R 32 31.2812 DL_S_R 20 50.05 RM_S_R 9 111.222
pacp 1 100 MB SZ_MB 101 UL_S_R 12 8.41667 DL_S_R 10 10.1 RM_S_R 9 11.2222
pacp 10 100 MB SZ_MB 1001 UL_S_R 16 62.5625 DL_S_R 14 71.5 RM_S_R 9 111.222
pacp 100 100 MB SZ_MB 10001 UL_S_R 101 99.0198 DL_S_R 101 99.0198 RM_S_R 10 1000.1
pacp 1 1000 MB SZ_MB 1001 UL_S_R 22 45.5 DL_S_R 13 77 RM_S_R 9 111.222
